{"C:\\Users\\dombr\\OneDrive\\Рабочий стол\\codding\\vue-vuex-ts-jest-boris\\src\\components\\ActionButton.vue": {"path":"C:\\Users\\dombr\\OneDrive\\Рабочий стол\\codding\\vue-vuex-ts-jest-boris\\src\\components\\ActionButton.vue","statementMap":{"0":{"start":{"line":8,"column":15},"end":{"line":8,"column":null}},"1":{"start":{"line":21,"column":8},"end":{"line":21,"column":15}},"2":{"start":{"line":28,"column":6},"end":{"line":28,"column":13}}},"fnMap":{"0":{"name":"(anonymous_0)","decl":{"start":{"line":20,"column":6},"end":{"line":20,"column":15}},"loc":{"start":{"line":20,"column":23},"end":{"line":22,"column":null}}},"1":{"name":"(anonymous_1)","decl":{"start":{"line":27,"column":4},"end":{"line":27,"column":15}},"loc":{"start":{"line":27,"column":18},"end":{"line":31,"column":null}}}},"branchMap":{},"s":{"0":2,"1":6,"2":6},"f":{"0":6,"1":6},"b":{}}
,"C:\\Users\\dombr\\OneDrive\\Рабочий стол\\codding\\vue-vuex-ts-jest-boris\\src\\components\\ProfileImage.vue": {"path":"C:\\Users\\dombr\\OneDrive\\Рабочий стол\\codding\\vue-vuex-ts-jest-boris\\src\\components\\ProfileImage.vue","statementMap":{"0":{"start":{"line":12,"column":15},"end":{"line":12,"column":null}},"1":{"start":{"line":15,"column":4},"end":{"line":15,"column":11}}},"fnMap":{"0":{"name":"(anonymous_0)","decl":{"start":{"line":14,"column":2},"end":{"line":14,"column":6}},"loc":{"start":{"line":14,"column":9},"end":{"line":19,"column":null}}}},"branchMap":{},"s":{"0":1,"1":1},"f":{"0":1},"b":{}}
,"C:\\Users\\dombr\\OneDrive\\Рабочий стол\\codding\\vue-vuex-ts-jest-boris\\src\\components\\TheSubnav.vue": {"path":"C:\\Users\\dombr\\OneDrive\\Рабочий стол\\codding\\vue-vuex-ts-jest-boris\\src\\components\\TheSubnav.vue","statementMap":{"0":{"start":{"line":15,"column":15},"end":{"line":15,"column":null}},"1":{"start":{"line":18,"column":4},"end":{"line":18,"column":11}}},"fnMap":{"0":{"name":"(anonymous_0)","decl":{"start":{"line":17,"column":2},"end":{"line":17,"column":6}},"loc":{"start":{"line":17,"column":9},"end":{"line":21,"column":null}}}},"branchMap":{},"s":{"0":2,"1":3},"f":{"0":3},"b":{}}
}
